<?xml version="1.0" encoding="UTF-8"?>
<robot generator="Robot 6.0.2 (Python 3.9.1 on darwin)" generated="20230223 18:08:32.516" rpa="false" schemaversion="3">
<suite id="s1" name="Test" source="/Users/mohamedaje/Robotframework/test.robot">
<test id="s1-t1" name="check var" line="14">
<kw name="Set Variable" library="BuiltIn">
<var>${three}</var>
<arg>donald trump</arg>
<doc>Returns the given values which can then be assigned to a variables.</doc>
<msg timestamp="20230223 18:08:32.584" level="INFO">${three} = donald trump</msg>
<status status="PASS" starttime="20230223 18:08:32.583" endtime="20230223 18:08:32.586"/>
</kw>
<kw name="Should Be Equal" library="BuiltIn">
<arg>${one} ${two}</arg>
<arg>${three}</arg>
<doc>Fails if the given objects are unequal.</doc>
<status status="PASS" starttime="20230223 18:08:32.588" endtime="20230223 18:08:32.590"/>
</kw>
<status status="PASS" starttime="20230223 18:08:32.582" endtime="20230223 18:08:32.590"/>
</test>
<status status="PASS" starttime="20230223 18:08:32.520" endtime="20230223 18:08:32.593"/>
</suite>
<statistics>
<total>
<stat pass="1" fail="0" skip="0">All Tests</stat>
</total>
<tag>
</tag>
<suite>
<stat pass="1" fail="0" skip="0" id="s1" name="Test">Test</stat>
</suite>
</statistics>
<errors>
</errors>
</robot>
