<?xml version="1.0" encoding="UTF-8"?>
<robot generator="Robot 6.0.2 (Python 3.9.1 on darwin)" generated="20230228 18:10:28.040" rpa="false" schemaversion="3">
<suite id="s1" name="Portofolio" source="/Users/mohamedaje/Robotframework/portofolio.robot">
<test id="s1-t1" name="testing my own portofolio" line="13">
<kw name="Open Browser" library="SeleniumLibrary">
<arg>https://mohaaje.netlify.app/</arg>
<arg>chrome</arg>
<doc>Opens a new browser instance to the optional ``url``.</doc>
<msg timestamp="20230228 18:10:28.428" level="INFO">Opening browser 'chrome' to base url 'https://mohaaje.netlify.app/'.</msg>
<status status="PASS" starttime="20230228 18:10:28.427" endtime="20230228 18:10:32.847"/>
</kw>
<kw name="Page Should Contain" library="SeleniumLibrary">
<arg>Hi, I'm Mohamed.</arg>
<doc>Verifies that current page contains ``text``.</doc>
<msg timestamp="20230228 18:10:32.916" level="INFO">Current page contains text 'Hi, I'm Mohamed.'.</msg>
<status status="PASS" starttime="20230228 18:10:32.850" endtime="20230228 18:10:32.917"/>
</kw>
<kw name="Click Element" library="SeleniumLibrary">
<arg>xpath://*[@id="root"]/main/header/div/nav/a[2]</arg>
<doc>Click the element identified by ``locator``.</doc>
<msg timestamp="20230228 18:10:32.920" level="INFO">Clicking element 'xpath://*[@id="root"]/main/header/div/nav/a[2]'.</msg>
<status status="PASS" starttime="20230228 18:10:32.918" endtime="20230228 18:10:33.107"/>
</kw>
<kw name="Page Should Contain" library="SeleniumLibrary">
<arg>Projects I've Built and Participated in:</arg>
<doc>Verifies that current page contains ``text``.</doc>
<msg timestamp="20230228 18:10:33.154" level="INFO">Current page contains text 'Projects I've Built and Participated in:'.</msg>
<status status="PASS" starttime="20230228 18:10:33.108" endtime="20230228 18:10:33.154"/>
</kw>
<kw name="Click Element" library="SeleniumLibrary">
<arg>xpath://*[@id="root"]/main/header/div/nav/a[3]</arg>
<doc>Click the element identified by ``locator``.</doc>
<msg timestamp="20230228 18:10:33.156" level="INFO">Clicking element 'xpath://*[@id="root"]/main/header/div/nav/a[3]'.</msg>
<status status="PASS" starttime="20230228 18:10:33.155" endtime="20230228 18:10:33.230"/>
</kw>
<kw name="Page Should Contain Element" library="SeleniumLibrary">
<arg>xpath://*[@id="contact"]/div/div[2]/div</arg>
<doc>Verifies that element ``locator`` is found on the current page.</doc>
<msg timestamp="20230228 18:10:33.267" level="INFO">Current page contains element 'xpath://*[@id="contact"]/div/div[2]/div'.</msg>
<status status="PASS" starttime="20230228 18:10:33.231" endtime="20230228 18:10:33.268"/>
</kw>
<kw name="Input Text" library="SeleniumLibrary">
<arg>xpath://*[@id="name"]</arg>
<arg>${name}</arg>
<doc>Types the given ``text`` into the text field identified by ``locator``.</doc>
<msg timestamp="20230228 18:10:33.272" level="INFO">Typing text 'Mohamed' into text field 'xpath://*[@id="name"]'.</msg>
<status status="PASS" starttime="20230228 18:10:33.269" endtime="20230228 18:10:33.658"/>
</kw>
<kw name="Input Text" library="SeleniumLibrary">
<arg>xpath://*[@id="email"]</arg>
<arg>${email}</arg>
<doc>Types the given ``text`` into the text field identified by ``locator``.</doc>
<msg timestamp="20230228 18:10:33.660" level="INFO">Typing text 'mohammed@test.com' into text field 'xpath://*[@id="email"]'.</msg>
<status status="PASS" starttime="20230228 18:10:33.659" endtime="20230228 18:10:33.807"/>
</kw>
<kw name="Input Text" library="SeleniumLibrary">
<arg>xpath://*[@id="message"]</arg>
<arg>${message}</arg>
<doc>Types the given ``text`` into the text field identified by ``locator``.</doc>
<msg timestamp="20230228 18:10:33.809" level="INFO">Typing text 'Hello i found your portoflio interesting!!!' into text field 'xpath://*[@id="message"]'.</msg>
<status status="PASS" starttime="20230228 18:10:33.808" endtime="20230228 18:10:33.986"/>
</kw>
<kw name="Click Button" library="SeleniumLibrary">
<arg>xpath://*[@id="contact"]/div/div[2]/div/div[2]/form/button</arg>
<doc>Clicks the button identified by ``locator``.</doc>
<msg timestamp="20230228 18:10:33.987" level="INFO">Clicking button 'xpath://*[@id="contact"]/div/div[2]/div/div[2]/form/button'.</msg>
<status status="PASS" starttime="20230228 18:10:33.986" endtime="20230228 18:10:34.141"/>
</kw>
<status status="PASS" starttime="20230228 18:10:28.426" endtime="20230228 18:10:34.142"/>
</test>
<status status="PASS" starttime="20230228 18:10:28.046" endtime="20230228 18:10:34.143"/>
</suite>
<statistics>
<total>
<stat pass="1" fail="0" skip="0">All Tests</stat>
</total>
<tag>
</tag>
<suite>
<stat pass="1" fail="0" skip="0" id="s1" name="Portofolio">Portofolio</stat>
</suite>
</statistics>
<errors>
</errors>
</robot>
